Warning: Permanently added '192.168.68.101' (RSA) to the list of known hosts.
=
=== MITM Session Started ===
Run Number: 1
Timestamp: 2025-11-01T07:40:38.312960922+00:00
Real port: /dev/ttyS3_hardware
Virtual port: /tmp/ttyS3_tap
===

[1761982838.338542] RX 24 bytes
  HEX: 04 00 00 01 A6 25 00 00 00 00 00 00 74 5D 01 00 00 00 00 00 48 15 02 00 

[1761982838.481868] TX 144 bytes
  HEX: 5E 40 5E 40 5E 41 A6 25 5E 40 5E 40 5E 40 5E 40 5E 40 5E 40 74 5D 5E 41 5E 40 5E 40 5E 40 5E 40 5E 40 48 08 20 08 08 20 08 08 20 08 08 20 08 08 20 08 08 20 08 08 20 08 08 20 08 08 20 08 08 20 08 08 20 08 08 20 08 08 20 08 08 20 08 08 20 08 08 20 08 08 20 08 08 20 08 08 20 08 08 20 08 08 20 08 08 20 08 08 20 08 08 20 08 08 20 08 08 20 08 08 20 08 08 20 08 08 20 08 08 20 08 08 20 08 08 20 08 08 20 08 08 20 08 08 20 08 5E 42 5E 40 

[1761982839.157491] RX 21 bytes
  HEX: FB 63 15 01 06 00 0F 04 00 00 01 A6 25 00 00 00 00 00 00 74 5D 

[1761982839.282515] TX 50 bytes
  HEX: FB 63 08 20 08 08 20 08 08 20 08 08 20 08 08 20 08 08 20 08 5E 41 5E 46 5E 40 5E 4F 5E 40 5E 40 5E 41 A6 25 5E 40 5E 40 5E 40 5E 40 5E 40 5E 40 74 5D 

[1761982840.244371] RX 3 bytes
  HEX: 0D 00 02 

[1761982840.558499] TX 6 bytes
  HEX: 0D 0A 5E 40 5E 42 

[1761982840.684957] RX 3 bytes
  HEX: 00 03 19 

[1761982840.738085] TX 6 bytes
  HEX: 5E 40 5E 43 5E 59 

[1761982840.797848] RX 15 bytes
  HEX: 00 00 01 A6 25 00 00 00 00 00 00 74 5D 01 00 

[1761982840.939979] TX 26 bytes
  HEX: 5E 40 5E 40 5E 41 A6 25 5E 40 5E 40 5E 40 5E 40 5E 40 5E 40 74 5D 5E 41 5E 40 

[1761982841.104438] RX 18 bytes
  HEX: 00 00 00 00 00 00 00 00 00 00 03 00 3A 00 0D 00 02 00 

[1761982841.282831] TX 35 bytes
  HEX: 5E 40 5E 40 5E 40 5E 40 5E 40 5E 40 5E 40 5E 40 5E 40 5E 40 5E 43 5E 40 3A 5E 40 0D 0A 5E 40 5E 42 5E 40 

[1761982841.516205] RX 2 bytes
  HEX: 00 0F 

[1761982841.560962] TX 4 bytes
  HEX: 5E 40 5E 4F 

[1761982841.618603] RX 24 bytes
  HEX: 04 00 00 01 A6 25 00 00 00 00 00 00 74 5D 01 00 00 00 00 00 48 15 02 00 

[1761982841.820464] TX 144 bytes
  HEX: 5E 40 5E 40 5E 41 A6 25 5E 40 5E 40 5E 40 5E 40 5E 40 5E 40 74 5D 5E 41 5E 40 5E 40 5E 40 5E 40 5E 40 48 08 20 08 08 20 08 08 20 08 08 20 08 08 20 08 08 20 08 08 20 08 08 20 08 08 20 08 08 20 08 08 20 08 08 20 08 08 20 08 08 20 08 08 20 08 08 20 08 08 20 08 08 20 08 08 20 08 08 20 08 08 20 08 08 20 08 08 20 08 08 20 08 08 20 08 08 20 08 08 20 08 08 20 08 08 20 08 08 20 08 08 20 08 08 20 08 08 20 08 08 20 08 08 20 08 5E 42 5E 40 

[1761982843.896920] RX 11 bytes
  HEX: 01 06 00 0F 04 00 00 01 A6 25 00 

[1761982844.043097] TX 18 bytes
  HEX: 5E 41 5E 46 5E 40 5E 4F 5E 40 5E 40 5E 41 A6 25 5E 40 

[1761982844.204002] RX 11 bytes
  HEX: 00 00 00 00 00 00 00 00 02 00 36 

[1761982844.353607] TX 21 bytes
  HEX: 5E 40 5E 40 5E 40 5E 40 5E 40 5E 40 5E 40 5E 40 5E 42 5E 40 36 

[1761982844.540561] RX 11 bytes
  HEX: 00 00 00 00 00 00 00 00 00 00 00 

[1761982844.695561] TX 22 bytes
  HEX: 5E 40 5E 40 5E 40 5E 40 5E 40 5E 40 5E 40 5E 40 5E 40 5E 40 5E 40 

[1761982844.883696] RX 16 bytes
  HEX: 00 00 42 04 00 00 00 00 00 00 00 00 00 00 00 00 

[1761982845.088495] TX 29 bytes
  HEX: 5E 40 5E 40 42 5E 40 5E 40 5E 40 5E 40 5E 40 5E 40 5E 40 5E 40 5E 40 5E 40 5E 40 5E 40 

[1761982845.324656] RX 18 bytes
  HEX: 00 00 00 00 00 00 00 00 00 03 00 37 00 0C 00 02 00 00 

[1761982845.547337] TX 35 bytes
  HEX: 5E 40 5E 40 5E 40 5E 40 5E 40 5E 40 5E 40 5E 40 5E 40 5E 43 5E 40 37 5E 40 5E 4C 5E 40 5E 42 5E 40 5E 40 

[1761982845.825178] RX 19 bytes
  HEX: 00 00 00 00 00 00 00 03 00 3B 00 0A 00 02 00 00 00 03 19 

[1761982846.053480] TX 37 bytes
  HEX: 5E 40 5E 40 5E 40 5E 40 5E 40 5E 40 5E 40 5E 43 5E 40 3B 5E 40 0D 0A 5E 40 5E 42 5E 40 5E 40 5E 40 5E 43 5E 59 

[1761982846.738058] RX 25 bytes
  HEX: FB 63 15 01 06 00 0F 04 00 00 01 A6 25 00 00 00 00 00 00 74 5D 01 00 00 00 

[1761982847.313784] TX 52 bytes
  HEX: FB 63 08 20 08 08 20 08 08 20 08 08 20 08 5E 41 5E 46 5E 40 5E 4F 5E 40 5E 40 5E 41 A6 25 5E 40 5E 40 5E 40 5E 40 5E 40 5E 40 74 5D 5E 41 5E 40 5E 40 5E 40 

[1761982847.738950] RX 15 bytes
  HEX: 74 5D 01 00 00 00 00 00 48 15 02 00 00 00 00 

[1761982847.920181] TX 160 bytes
  HEX: 74 5D 5E 41 5E 40 5E 40 5E 40 5E 40 5E 40 48 08 20 08 08 20 08 08 20 08 08 20 08 08 20 08 08 20 08 08 20 08 08 20 08 08 20 08 08 20 08 08 20 08 08 20 08 08 20 08 08 20 08 08 20 08 08 20 08 08 20 08 08 20 08 08 20 08 08 20 08 08 20 08 08 20 08 08 20 08 08 20 08 08 20 08 08 20 08 08 20 08 08 20 08 08 20 08 08 20 08 08 20 08 08 20 08 08 20 08 08 20 08 08 20 08 08 20 08 08 20 08 08 20 08 08 20 08 08 20 08 08 20 08 08 20 08 08 20 08 08 20 08 08 20 08 5E 42 5E 40 5E 40 5E 40 5E 40 

[1761982848.757878] RX 18 bytes
  HEX: 06 00 0F 04 00 00 01 A6 25 00 00 00 00 00 00 74 5D 01 

[1761982848.871141] TX 30 bytes
  HEX: 5E 46 5E 40 5E 4F 5E 40 5E 40 5E 41 A6 25 5E 40 5E 40 5E 40 5E 40 5E 40 5E 40 74 5D 5E 41 

[1761982848.999939] RX 4 bytes
  HEX: 00 00 00 00 

[1761982849.043949] TX 8 bytes
  HEX: 5E 40 5E 40 5E 40 5E 40 

[1761982849.098781] RX 25 bytes
  HEX: 0F 04 00 00 01 A6 25 00 00 00 00 00 00 74 5D 01 00 00 00 00 00 48 15 02 00 

[1761982849.245863] TX 146 bytes
  HEX: 5E 4F 5E 40 5E 40 5E 41 A6 25 5E 40 5E 40 5E 40 5E 40 5E 40 5E 40 74 5D 5E 41 5E 40 5E 40 5E 40 5E 40 5E 40 48 08 20 08 08 20 08 08 20 08 08 20 08 08 20 08 08 20 08 08 20 08 08 20 08 08 20 08 08 20 08 08 20 08 08 20 08 08 20 08 08 20 08 08 20 08 08 20 08 08 20 08 08 20 08 08 20 08 08 20 08 08 20 08 08 20 08 08 20 08 08 20 08 08 20 08 08 20 08 08 20 08 08 20 08 08 20 08 08 20 08 08 20 08 08 20 08 08 20 08 08 20 08 08 20 08 5E 42 5E 40 

[1761982851.084140] RX 27 bytes
  HEX: 00 62 00 00 00 00 00 00 00 42 04 00 00 00 00 00 00 00 00 00 00 00 00 03 00 35 00 

[1761982851.320332] TX 49 bytes
  HEX: 5E 40 62 5E 40 5E 40 5E 40 5E 40 5E 40 5E 40 5E 40 42 5E 40 5E 40 5E 40 5E 40 5E 40 5E 40 5E 40 5E 40 5E 40 5E 40 5E 40 5E 40 5E 43 5E 40 35 5E 40 

[1761982851.605280] RX 24 bytes
  HEX: 00 00 00 00 00 00 00 00 00 00 00 00 02 00 3A 00 10 00 02 00 00 00 03 19 

[1761982851.821347] TX 47 bytes
  HEX: 5E 40 5E 40 5E 40 5E 40 5E 40 5E 40 5E 40 5E 40 5E 40 5E 40 5E 40 5E 40 5E 42 5E 40 3A 5E 40 5E 50 5E 40 5E 42 5E 40 5E 40 5E 40 5E 43 5E 59 

[1761982852.098756] RX 32 bytes
  HEX: FA FB 63 15 01 06 00 0F 04 00 00 01 A6 25 00 00 00 00 00 00 74 5D 01 00 00 00 00 00 48 15 02 00 
  PKT: CMD=0x15 LEN=99
       (STATUS - Sensor/IMU/Battery data)

[1761982852.351607] TX 170 bytes
  HEX: FA FB 63 08 20 08 08 20 08 08 20 08 08 20 08 08 20 08 5E 41 5E 46 5E 40 5E 4F 5E 40 5E 40 5E 41 A6 25 5E 40 5E 40 5E 40 5E 40 5E 40 5E 40 74 5D 5E 41 5E 40 5E 40 5E 40 5E 40 5E 40 48 08 20 08 08 20 08 08 20 08 08 20 08 08 20 08 08 20 08 08 20 08 08 20 08 08 20 08 08 20 08 08 20 08 08 20 08 08 20 08 08 20 08 08 20 08 08 20 08 08 20 08 08 20 08 08 20 08 08 20 08 08 20 08 08 20 08 08 20 08 08 20 08 08 20 08 08 20 08 08 20 08 08 20 08 08 20 08 08 20 08 08 20 08 08 20 08 08 20 08 08 20 08 08 20 08 5E 42 5E 40 
  PKT: CMD=0x08 LEN=99
       (INIT - Initialization sequence)

[1761982854.161587] RX 17 bytes
  HEX: 00 00 00 00 00 00 00 01 00 03 00 01 00 E6 FF 00 00 

[1761982854.310130] TX 32 bytes
  HEX: 5E 40 5E 40 5E 40 5E 40 5E 40 5E 40 5E 40 5E 41 5E 40 5E 43 5E 40 5E 41 5E 40 E6 FF 5E 40 5E 40 

[1761982854.485534] RX 21 bytes
  HEX: 00 00 00 00 00 00 00 00 03 00 37 00 0B 00 02 00 00 00 03 19 02 

[1761982854.643389] TX 41 bytes
  HEX: 5E 40 5E 40 5E 40 5E 40 5E 40 5E 40 5E 40 5E 40 5E 43 5E 40 37 5E 40 5E 4B 5E 40 5E 42 5E 40 5E 40 5E 40 5E 43 5E 59 5E 42 

[1761982854.877662] RX 1024 bytes
  HEX: FA FB 63 15 01 06 00 0F 04 00 00 01 A6 25 00 00 00 00 00 00 74 5D 01 00 00 00 00 00 48 15 02 00 00 00 00 00 00 00 00 00 00 00 00 00 00 00 00 00 00 00 03 00 01 00 E6 FF 00 00 00 00 62 00 00 00 00 00 00 00 42 04 00 00 00 00 00 00 00 00 00 00 00 00 03 00 37 00 0F 00 02 00 00 00 03 19 01 00 01 00 00 00 E1 48 FA FB 63 15 01 06 00 0F 04 00 00 01 A6 25 00 00 00 00 00 00 74 5D 01 00 00 00 00 00 48 15 02 00 00 00 00 00 00 00 00 00 00 00 00 00 00 00 00 00 FF FF 03 00 02 00 E6 FF 00 00 00 00 62 00 00 00 00 00 00 00 42 04 00 00 00 00 00 00 00 00 00 00 00 00 04 00 39 00 0F 00 02 00 00 00 03 19 03 00 02 00 FF FF E2 B2 FA FB 63 15 01 06 00 0F 04 00 00 01 A6 25 00 00 00 00 00 00 74 5D 01 00 00 00 00 00 48 15 02 00 00 00 00 00 00 00 00 00 00 00 00 00 00 00 00 00 00 00 03 00 00 00 E6 FF 00 00 00 00 62 00 00 00 00 00 00 00 42 04 00 00 00 00 00 00 00 00 00 00 00 00 04 00 3A 00 10 00 02 00 00 00 03 19 03 00 00 00 00 00 E1 4D FA FB 63 15 01 06 00 0F 04 00 00 01 A6 25 00 00 00 00 00 00 74 5D 01 00 00 00 00 00 48 15 02 00 00 00 00 00 00 00 00 00 00 00 00 00 00 00 00 00 FE FF 03 00 FF FF E6 FF 00 00 00 00 62 00 00 00 00 00 00 00 42 04 00 00 00 00 00 00 00 00 00 00 00 00 04 00 3A 00 10 00 02 00 00 00 03 19 01 00 FF FF FE FF E2 BA FA FB 63 15 01 06 00 0F 04 00 00 01 A6 25 00 00 00 00 00 00 74 5D 01 00 00 00 00 00 48 15 02 00 00 00 00 00 00 00 00 00 00 00 00 00 00 00 00 00 FF FF 03 00 02 00 E6 FF 00 00 00 00 62 00 00 00 00 00 00 00 42 04 00 00 00 00 00 00 00 00 00 00 00 00 04 00 39 00 0F 00 02 00 00 00 03 19 00 00 02 00 FF FF E2 B5 FA FB 63 15 01 06 00 0F 04 00 00 01 A6 25 00 00 00 00 00 00 74 5D 01 00 00 00 00 00 48 15 02 00 00 00 00 00 00 00 00 00 00 00 00 00 00 00 00 00 FF FF 03 00 03 00 E6 FF 00 00 00 00 62 00 00 00 00 00 00 00 42 04 00 00 00 00 00 00 00 00 00 00 00 00 04 00 38 00 0F 00 02 00 00 00 03 19 01 00 03 00 FF FF E2 B3 FA FB 63 15 01 06 00 0F 04 00 00 01 A6 25 00 00 00 00 00 00 74 5D 01 00 00 00 00 00 48 15 02 00 00 00 00 00 00 00 00 00 00 00 00 00 00 00 00 00 FD FF 03 00 02 00 E6 FF 00 00 00 00 62 00 00 00 00 00 00 00 42 04 00 00 00 00 00 00 00 00 00 00 00 00 04 00 39 00 0E 00 02 00 00 00 03 19 03 00 02 00 FD FF E2 B7 FA FB 63 15 01 06 00 0F 04 00 00 01 A6 25 00 00 00 00 00 00 74 5D 01 00 00 00 00 00 48 15 02 00 00 00 00 00 00 00 00 00 00 00 00 00 00 00 00 00 FE FF 03 00 02 00 E6 FF 00 00 00 00 62 00 00 00 00 00 00 00 42 04 00 00 00 00 00 00 00 00 00 00 00 00 04 00 3A 00 0E 00 02 00 00 00 03 19 03 00 02 00 FE FF E2 B4 FA FB 63 15 01 06 00 0F 04 00 00 01 A6 25 00 00 00 00 00 00 74 5D 01 00 00 00 00 00 48 15 02 00 00 00 00 00 00 00 00 00 00 00 00 00 00 00 00 00 FE FF 03 00 00 00 E6 FF 00 00 00 00 62 00 00 00 00 00 00 00 42 04 00 00 00 00 00 00 00 00 00 00 00 00 03 00 39 00 0E 00 02 00 00 00 03 19 00 00 00 00 FE FF E2 BD FA FB 63 15 01 06 00 0F 04 00 00 01 A6 25 00 00 00 00 00 00 74 5D 01 00 00 00 00 00 48 15 02 00 00 00 00 00 00 00 00 00 00 00 00 00 00 00 00 00 FD FF 03 00 FE FF E6 FF 00 00 00 00 62 00 00 00 00 00 00 00 42 04 00 00 00 00 00 00 00 00 00 00 00 00 03 00 3A 00 0E 00 02 00 00 00 03 19 01 00 FE FF FD FF E2 C1 FA FB 63 15 
  PKT: CMD=0x15 LEN=99
       (STATUS - Sensor/IMU/Battery data)

[1761982864.110155] TX 1024 bytes
  HEX: FA FB 63 08 20 08 08 20 08 08 20 08 08 20 08 08 20 08 08 20 08 08 20 08 5E 41 5E 46 5E 40 5E 4F 5E 40 5E 40 5E 41 A6 25 5E 40 5E 40 5E 40 5E 40 5E 40 5E 40 74 5D 5E 41 5E 40 5E 40 5E 40 5E 40 5E 40 48 08 20 08 08 20 08 08 20 08 08 20 08 08 20 08 08 20 08 08 20 08 08 20 08 08 20 08 08 20 08 08 20 08 08 20 08 08 20 08 08 20 08 08 20 08 08 20 08 08 20 08 08 20 08 08 20 08 08 20 08 08 20 08 08 20 08 08 20 08 08 20 08 08 20 08 08 20 08 08 20 08 08 20 08 08 20 08 08 20 08 08 20 08 08 20 08 08 20 08 08 20 08 08 20 08 5E 42 5E 40 5E 40 5E 40 5E 40 5E 40 5E 40 5E 40 5E 40 5E 40 5E 40 5E 40 5E 40 5E 40 5E 40 5E 40 5E 40 5E 40 5E 40 5E 40 5E 43 5E 40 5E 41 5E 40 E6 FF 5E 40 5E 40 5E 40 5E 40 62 5E 40 5E 40 5E 40 5E 40 5E 40 5E 40 5E 40 42 5E 40 5E 40 5E 40 5E 40 5E 40 5E 40 5E 40 5E 40 5E 40 5E 40 5E 40 5E 40 5E 43 5E 40 37 5E 40 5E 4F 5E 40 5E 42 5E 40 5E 40 5E 40 5E 43 5E 59 5E 41 5E 40 5E 41 5E 40 5E 40 5E 40 E1 48 FA FB 63 08 20 08 08 20 08 08 20 08 08 20 08 08 20 08 08 20 08 08 20 08 08 20 08 08 20 08 08 20 08 08 20 08 08 20 08 08 20 08 08 20 08 08 20 08 08 20 08 08 20 08 08 20 08 08 20 08 5E 41 5E 46 5E 40 5E 4F 5E 40 5E 40 5E 41 A6 25 5E 40 5E 40 5E 40 5E 40 5E 40 5E 40 74 5D 5E 41 5E 40 5E 40 5E 40 5E 40 5E 40 48 08 20 08 08 20 08 08 20 08 08 20 08 08 20 08 08 20 08 08 20 08 08 20 08 08 20 08 08 20 08 08 20 08 08 20 08 08 20 08 08 20 08 08 20 08 08 20 08 08 20 08 08 20 08 08 20 08 08 20 08 08 20 08 08 20 08 08 20 08 08 20 08 08 20 08 08 20 08 08 20 08 08 20 08 08 20 08 08 20 08 08 20 08 08 20 08 08 20 08 08 20 08 08 20 08 5E 42 5E 40 5E 40 5E 40 5E 40 5E 40 5E 40 5E 40 5E 40 5E 40 5E 40 5E 40 5E 40 5E 40 5E 40 5E 40 5E 40 5E 40 FF FF 5E 43 5E 40 5E 42 5E 40 E6 FF 5E 40 5E 40 5E 40 5E 40 62 5E 40 5E 40 5E 40 5E 40 5E 40 5E 40 5E 40 42 5E 40 5E 40 5E 40 5E 40 5E 40 5E 40 5E 40 5E 40 5E 40 5E 40 5E 40 5E 40 5E 40 39 5E 40 5E 4F 5E 40 5E 42 5E 40 5E 40 5E 40 5E 43 5E 59 5E 43 5E 40 5E 42 5E 40 FF FF E2 B2 FA FB 63 08 20 08 08 20 08 08 20 08 08 20 08 08 20 08 08 20 08 08 20 08 08 20 08 08 20 08 08 20 08 08 20 08 08 20 08 08 20 08 5E 41 5E 46 5E 40 5E 4F 5E 40 5E 40 5E 41 A6 25 5E 40 5E 40 5E 40 5E 40 5E 40 5E 40 74 5D 5E 41 5E 40 5E 40 5E 40 5E 40 5E 40 48 08 20 08 08 20 08 08 20 08 08 20 08 08 20 08 08 20 08 08 20 08 08 20 08 08 20 08 08 20 08 08 20 08 08 20 08 08 20 08 08 20 08 08 20 08 08 20 08 08 20 08 08 20 08 08 20 08 08 20 08 08 20 08 08 20 08 08 20 08 08 20 08 08 20 08 08 20 08 08 20 08 08 20 08 08 20 08 08 20 08 08 20 08 08 20 08 08 20 08 08 20 08 08 20 08 5E 42 5E 40 5E 40 5E 40 5E 40 5E 40 5E 40 5E 40 5E 40 5E 40 5E 40 5E 40 5E 40 5E 40 5E 40 5E 40 5E 40 5E 40 5E 40 5E 40 5E 43 5E 40 5E 40 5E 40 E6 FF 5E 40 5E 40 5E 40 5E 40 62 5E 40 5E 40 5E 40 5E 40 5E 40 5E 40 5E 40 42 5E 40 5E 40 5E 40 5E 40 5E 40 5E 40 5E 40 5E 40 5E 40 5E 40 5E 40 5E 40 5E 40 3A 5E 40 5E 50 5E 40 5E 42 5E 40 5E 40 5E 40 5E 43 5E 59 5E 43 5E 40 5E 40 5E 40 5E 40 5E 40 E1 4D FA FB 63 08 20 08 08 20 08 08 20 08 08 20 08 08 20 08 08 20 08 08 20 08 08 20 08 08 20 08 08 20 08 08 20 08 08 20 08 08 20 08 08 20 08 08 20 08 5E 41 5E 46 5E 40 5E 4F 5E 
  PKT: CMD=0x08 LEN=99
       (INIT - Initialization sequence)

[1761982872.942240] RX 1024 bytes
  HEX: 01 06 00 0F 04 00 00 01 A6 25 00 00 00 00 00 00 74 5D 01 00 00 00 00 00 48 15 02 00 00 00 00 00 00 00 00 00 00 00 00 00 00 00 00 00 00 00 03 00 FD FF E6 FF 00 00 00 00 62 00 00 00 00 00 00 00 42 04 00 00 00 00 00 00 00 00 00 00 00 00 04 00 39 00 0E 00 02 00 00 00 03 19 03 00 FD FF 00 00 E1 44 FA FB 63 15 01 06 00 0F 04 00 00 01 A6 25 00 00 00 00 00 00 74 5D 01 00 00 00 00 00 48 15 02 00 00 00 00 00 00 00 00 00 00 00 00 00 00 00 00 00 01 00 03 00 FD FF E6 FF 00 00 00 00 62 00 00 00 00 00 00 00 42 04 00 00 00 00 00 00 00 00 00 00 00 00 04 00 39 00 0E 00 02 00 00 00 03 19 03 00 FD FF 01 00 E1 46 FA FB 63 15 01 06 00 0F 04 00 00 01 A6 25 00 00 00 00 00 00 74 5D 01 00 00 00 00 00 48 15 02 00 00 00 00 00 00 00 00 00 00 00 00 00 00 00 00 00 FF FF 04 00 FE FF E6 FF 00 00 00 00 62 00 00 00 00 00 00 00 42 04 00 00 00 00 00 00 00 00 00 00 00 00 03 00 39 00 0E 00 02 00 00 00 03 19 00 00 FE FF FF FF E2 BE FA FB 63 15 01 06 00 0F 04 00 00 01 A6 25 00 00 00 00 00 00 74 5D 01 00 00 00 00 00 48 15 02 00 00 00 00 00 00 00 00 00 00 00 00 00 00 00 00 00 01 00 04 00 FF FF E6 FF 00 00 00 00 62 00 00 00 00 00 00 00 42 04 00 00 00 00 00 00 00 00 00 00 00 00 04 00 38 00 0E 00 02 00 00 00 03 19 00 00 FF FF 01 00 E1 47 FA FB 63 15 01 06 00 0F 04 00 00 01 A6 25 00 00 00 00 00 00 74 5D 01 00 00 00 00 00 48 15 02 00 00 00 00 00 00 00 00 00 00 00 00 00 00 00 00 00 01 00 04 00 FE FF E6 FF 00 00 00 00 62 00 00 00 00 00 00 00 42 04 00 00 00 00 00 00 00 00 00 00 00 00 03 00 37 00 0E 00 02 00 00 00 03 19 02 00 FE FF 01 00 E1 45 FA FB 63 15 01 06 00 0F 04 00 00 01 A6 25 00 00 00 00 00 00 74 5D 01 00 00 00 00 00 48 15 02 00 00 00 00 00 00 00 00 00 00 00 00 00 00 00 00 00 00 00 04 00 FF FF E6 FF 00 00 00 00 62 00 00 00 00 00 00 00 42 04 00 00 00 00 00 00 00 00 00 00 00 00 04 00 38 00 0E 00 02 00 00 00 03 19 03 00 FF FF 00 00 E1 48 FA FB 63 15 01 06 00 0F 04 00 00 01 A6 25 00 00 00 00 00 00 74 5D 01 00 00 00 00 00 48 15 02 00 00 00 00 00 00 00 00 00 00 00 00 00 00 00 00 00 FF FF 04 00 FF FF E6 FF 00 00 00 00 62 00 00 00 00 00 00 00 42 04 00 00 00 00 00 00 00 00 00 00 00 00 03 00 37 00 0F 00 02 00 00 00 03 19 03 00 FF FF FF FF E2 BA FA FB 63 15 01 06 00 0F 04 00 00 01 A6 25 00 00 00 00 00 00 74 5D 01 00 00 00 00 00 48 15 02 00 00 00 00 00 00 00 00 00 00 00 00 00 00 00 00 00 FE FF 04 00 FF FF E6 FF 00 00 00 00 62 00 00 00 00 00 00 00 42 04 00 00 00 00 00 00 00 00 00 00 00 00 03 00 36 00 0F 00 02 00 00 00 03 19 01 00 FF FF FE FF E2 BF FA FB 63 15 01 06 00 0F 04 00 00 01 A6 25 00 00 00 00 00 00 74 5D 01 00 00 00 00 00 48 15 02 00 00 00 00 00 00 00 00 00 00 00 00 00 00 00 00 00 00 00 04 00 01 00 E6 FF 00 00 00 00 62 00 00 00 00 00 00 00 42 04 00 00 00 00 00 00 00 00 00 00 00 00 03 00 37 00 0E 00 02 00 00 00 03 19 02 00 01 00 00 00 E1 49 FA FB 03 06 00 06 FA FB 63 15 01 06 00 0F 04 00 00 01 A6 25 00 00 00 00 00 00 74 5D 01 00 00 00 00 00 48 15 02 00 00 00 00 00 00 00 00 00 00 00 00 00 00 00 00 00 01 00 04 00 00 00 E6 FF 00 00 00 00 62 00 00 00 00 00 00 00 42 04 00 00 00 00 00 00 00 00 00 00 00 00 03 00 38 00 0E 00 03 00 00 00 03 19 03 00 00 00 01 00 E1 4C FA FB 

[1761982883.344075] TX 1024 bytes
  HEX: 40 5E 40 5E 41 A6 25 5E 40 5E 40 5E 40 5E 40 5E 40 5E 40 74 5D 5E 41 5E 40 5E 40 5E 40 5E 40 5E 40 48 08 20 08 08 20 08 08 20 08 08 20 08 08 20 08 08 20 08 08 20 08 08 20 08 08 20 08 08 20 08 08 20 08 08 20 08 08 20 08 08 20 08 08 20 08 08 20 08 08 20 08 08 20 08 08 20 08 08 20 08 08 20 08 08 20 08 08 20 08 08 20 08 08 20 08 08 20 08 08 20 08 08 20 08 08 20 08 08 20 08 08 20 08 08 20 08 08 20 08 08 20 08 08 20 08 5E 42 5E 40 5E 40 5E 40 5E 40 5E 40 5E 40 5E 40 5E 40 5E 40 5E 40 5E 40 5E 40 5E 40 5E 40 5E 40 5E 40 5E 40 FE FF 5E 43 5E 40 FF FF E6 FF 5E 40 5E 40 5E 40 5E 40 62 5E 40 5E 40 5E 40 5E 40 5E 40 5E 40 5E 40 42 5E 40 5E 40 5E 40 5E 40 5E 40 5E 40 5E 40 5E 40 5E 40 5E 40 5E 40 5E 40 5E 40 3A 5E 40 5E 50 5E 40 5E 42 5E 40 5E 40 5E 40 5E 43 5E 59 5E 41 5E 40 FF FF FE FF E2 BA FA FB 63 08 20 08 08 20 08 08 20 08 08 20 08 08 20 08 08 20 08 08 20 08 08 20 08 08 20 08 08 20 08 08 20 08 08 20 08 08 20 08 08 20 08 08 20 08 5E 41 5E 46 5E 40 5E 4F 5E 40 5E 40 5E 41 A6 25 5E 40 5E 40 5E 40 5E 40 5E 40 5E 40 74 5D 5E 41 5E 40 5E 40 5E 40 5E 40 5E 40 48 08 20 08 08 20 08 08 20 08 08 20 08 08 20 08 08 20 08 08 20 08 08 20 08 08 20 08 08 20 08 08 20 08 08 20 08 08 20 08 08 20 08 08 20 08 08 20 08 08 20 08 08 20 08 08 20 08 08 20 08 08 20 08 08 20 08 08 20 08 08 20 08 08 20 08 08 20 08 08 20 08 08 20 08 08 20 08 08 20 08 08 20 08 08 20 08 08 20 08 08 20 08 08 20 08 5E 42 5E 40 5E 40 5E 40 5E 40 5E 40 5E 40 5E 40 5E 40 5E 40 5E 40 5E 40 5E 40 5E 40 5E 40 5E 40 5E 40 5E 40 FF FF 5E 43 5E 40 5E 42 5E 40 E6 FF 5E 40 5E 40 5E 40 5E 40 62 5E 40 5E 40 5E 40 5E 40 5E 40 5E 40 5E 40 42 5E 40 5E 40 5E 40 5E 40 5E 40 5E 40 5E 40 5E 40 5E 40 5E 40 5E 40 5E 40 5E 40 39 5E 40 5E 4F 5E 40 5E 42 5E 40 5E 40 5E 40 5E 43 5E 59 5E 40 5E 40 5E 42 5E 40 FF FF E2 B5 FA FB 63 08 20 08 08 20 08 08 20 08 08 20 08 08 20 08 08 20 08 08 20 08 08 20 08 08 20 08 08 20 08 08 20 08 08 20 08 08 20 08 08 20 08 08 20 08 08 20 08 08 20 08 5E 41 5E 46 5E 40 5E 4F 5E 40 5E 40 5E 41 A6 25 5E 40 5E 40 5E 40 5E 40 5E 40 5E 40 74 5D 5E 41 5E 40 5E 40 5E 40 5E 40 5E 40 48 08 20 08 08 20 08 08 20 08 08 20 08 08 20 08 08 20 08 08 20 08 08 20 08 08 20 08 08 20 08 08 20 08 08 20 08 08 20 08 08 20 08 08 20 08 08 20 08 08 20 08 08 20 08 08 20 08 08 20 08 08 20 08 08 20 08 08 20 08 08 20 08 08 20 08 08 20 08 08 20 08 08 20 08 08 20 08 08 20 08 08 20 08 08 20 08 08 20 08 08 20 08 08 20 08 5E 42 5E 40 5E 40 5E 40 5E 40 5E 40 5E 40 5E 40 5E 40 5E 40 5E 40 5E 40 5E 40 5E 40 5E 40 5E 40 5E 40 5E 40 FF FF 5E 43 5E 40 5E 43 5E 40 E6 FF 5E 40 5E 40 5E 40 5E 40 62 5E 40 5E 40 5E 40 5E 40 5E 40 5E 40 5E 40 42 5E 40 5E 40 5E 40 5E 40 5E 40 5E 40 5E 40 5E 40 5E 40 5E 40 5E 40 5E 40 5E 40 38 5E 40 5E 4F 5E 40 5E 42 5E 40 5E 40 5E 40 5E 43 5E 59 5E 41 5E 40 5E 43 5E 40 FF FF E2 B3 FA FB 63 08 20 08 08 20 08 08 20 08 08 20 08 08 20 08 08 20 08 08 20 08 08 20 08 08 20 08 5E 41 5E 46 5E 40 5E 4F 5E 40 5E 40 5E 41 A6 25 5E 40 5E 40 5E 40 5E 40 5E 40 5E 40 74 5D 5E 41 5E 40 5E 40 5E 40 5E 40 5E 40 48 08 20 08 08 20 08 08 20 08 08 20 08 08 20 08 08 20 08 08 20 08 08 20 08 08 20 08 08 20 08 08 

[1761982889.709712] RX 1024 bytes
  HEX: 63 15 01 06 00 0F 04 00 00 01 A6 25 00 00 00 00 00 00 74 5D 01 00 00 00 00 00 48 15 02 00 00 00 00 00 00 00 00 00 00 00 00 00 00 00 00 00 00 00 04 00 FF FF E6 FF 00 00 00 00 62 00 00 00 00 00 00 00 42 04 00 00 00 00 00 00 00 00 00 00 00 00 03 00 38 00 0E 00 03 00 00 00 03 19 04 00 FF FF 00 00 E1 49 FA FB 63 15 01 06 00 0F 04 00 00 01 A6 25 00 00 00 00 00 00 74 5D 01 00 00 00 00 00 48 15 02 00 00 00 00 00 00 00 00 00 00 00 00 00 00 00 00 00 FD FF 04 00 FD FF E6 FF 00 00 00 00 62 00 00 00 00 00 00 00 42 04 00 00 00 00 00 00 00 00 00 00 00 00 03 00 37 00 0E 00 03 00 00 00 03 19 05 00 FD FF FD FF E2 C0 FA FB 63 15 01 06 00 0F 04 00 00 01 A6 25 00 00 00 00 00 00 74 5D 01 00 00 00 00 00 48 15 02 00 00 00 00 00 00 00 00 00 00 00 00 00 00 00 00 00 00 00 04 00 01 00 E6 FF 00 00 00 00 62 00 00 00 00 00 00 00 42 04 00 00 00 00 00 00 00 00 00 00 00 00 03 00 37 00 0F 00 02 00 00 00 03 19 04 00 01 00 00 00 E1 4C FA FB 63 15 01 06 00 0F 04 00 00 01 A6 25 00 00 00 00 00 00 74 5D 01 00 00 00 00 00 48 15 02 00 00 00 00 00 00 00 00 00 00 00 00 00 00 00 00 00 01 00 04 00 03 00 E6 FF 00 00 00 00 62 00 00 00 00 00 00 00 42 04 00 00 00 00 00 00 00 00 00 00 00 00 03 00 38 00 0F 00 02 00 00 00 03 19 02 00 03 00 01 00 E1 51 FA FB 63 15 01 06 00 0F 04 00 00 01 A6 25 00 00 00 00 00 00 74 5D 01 00 00 00 00 00 48 15 02 00 00 00 00 00 00 00 00 00 00 00 00 00 00 00 00 00 00 00 04 00 02 00 E6 FF 00 00 00 00 62 00 00 00 00 00 00 00 42 04 00 00 00 00 00 00 00 00 00 00 00 00 02 00 38 00 0F 00 02 00 00 00 03 19 03 00 02 00 00 00 E1 4D FA FB 63 15 01 06 00 0F 04 00 00 01 A6 25 00 00 00 00 00 00 74 5D 01 00 00 00 00 00 48 15 02 00 00 00 00 00 00 00 00 00 00 00 00 00 00 00 00 00 00 00 04 00 01 00 E6 FF 00 00 00 00 62 00 00 00 00 00 00 00 42 04 00 00 00 00 00 00 00 00 00 00 00 00 02 00 39 00 0F 00 02 00 00 00 03 19 02 00 01 00 00 00 E1 4B FA FB 63 15 01 06 00 0F 04 00 00 01 A6 25 00 00 00 00 00 00 74 5D 01 00 00 00 00 00 48 15 02 00 00 00 00 00 00 00 00 00 00 00 00 00 00 00 00 00 FF FF 04 00 00 00 E6 FF 00 00 00 00 62 00 00 00 00 00 00 00 42 04 00 00 00 00 00 00 00 00 00 00 00 00 02 00 3A 00 0E 00 02 00 00 00 03 19 01 00 00 00 FF FF E2 B9 FA FB 63 15 01 06 00 0F 04 00 00 01 A6 25 00 00 00 00 00 00 74 5D 01 00 00 00 00 00 48 15 02 00 00 00 00 00 00 00 00 00 00 00 00 00 00 00 00 00 FD FF 04 00 FF FF E6 FF 00 00 00 00 62 00 00 00 00 00 00 00 42 04 00 00 00 00 00 00 00 00 00 00 00 00 02 00 39 00 0E 00 02 00 00 00 03 19 01 00 FF FF FD FF E2 C0 FA FB 63 15 01 06 00 0F 04 00 00 01 A6 25 00 00 00 00 00 00 74 5D 01 00 00 00 00 00 48 15 02 00 00 00 00 00 00 00 00 00 00 00 00 00 00 00 00 00 00 00 04 00 FF FF E6 FF 00 00 00 00 62 00 00 00 00 00 00 00 42 04 00 00 00 00 00 00 00 00 00 00 00 00 02 00 3A 00 0E 00 02 00 00 00 03 19 01 00 FF FF 00 00 E1 46 FA FB 63 15 01 06 00 0F 04 00 00 01 A6 25 00 00 00 00 00 00 74 5D 01 00 00 00 00 00 48 15 02 00 00 00 00 00 00 00 00 00 00 00 00 00 00 00 00 00 00 00 04 00 00 00 E6 FF 00 00 00 00 62 00 00 00 00 00 00 00 42 04 00 00 00 00 00 00 00 00 00 00 00 00 02 00 3A 00 0E 00 02 00 00 00 03 19 00 00 00 00 00 00 E1 47 FA FB 63 15 01 06 


=== MITM Session Ended ===
End Timestamp: 2025-11-01T07:41:38.259881158+00:00
TX Packets: 26
RX Packets: 27
TX Bytes: 3360
RX Bytes: 3476
===

